<?xml version="1.0" encoding="UTF-8"?>
<!-- Generated by org.testng.reporters.JUnitReportReporter -->
<testsuite hostname="SBFOPRGGN201327" failures="0" tests="4" name="com.qa.api.tests.UserTests" time="8.226" errors="0" timestamp="2024-06-17T12:44:58 IST" skipped="0">
  <testcase classname="com.qa.api.tests.UserTests" name="testPostUser" time="3.590"/>
  <testcase classname="com.qa.api.tests.UserTests" name="testGetUserByName" time="1.176"/>
  <testcase classname="com.qa.api.tests.UserTests" name="testUpdateUserByName" time="2.333"/>
  <testcase classname="com.qa.api.tests.UserTests" name="testDeleteuserByName" time="1.127"/>
</testsuite> <!-- com.qa.api.tests.UserTests -->
