<?xml version="1.0" encoding="UTF-8"?>
<!-- Generated by org.testng.reporters.JUnitReportReporter -->
<testsuite hostname="SBFOPRGGN201327" failures="0" tests="6" name="com.qa.api.tests.DataDrivenTest" time="8.316" errors="0" timestamp="2024-06-17T11:36:59 IST" skipped="0">
  <testcase classname="com.qa.api.tests.DataDrivenTest" name="testPostUser" time="1.119"/>
  <testcase classname="com.qa.api.tests.DataDrivenTest" name="testPostUser" time="1.119"/>
  <testcase classname="com.qa.api.tests.DataDrivenTest" name="testPostUser" time="2.721"/>
  <testcase classname="com.qa.api.tests.DataDrivenTest" name="testDeleteUserByName" time="1.099"/>
  <testcase classname="com.qa.api.tests.DataDrivenTest" name="testDeleteUserByName" time="1.137"/>
  <testcase classname="com.qa.api.tests.DataDrivenTest" name="testDeleteUserByName" time="1.121"/>
</testsuite> <!-- com.qa.api.tests.DataDrivenTest -->
